#
# A fatal error has been detected by the Java Runtime Environment:
#
#  EXCEPTION_ACCESS_VIOLATION (0xc0000005) at pc=0x00007ffdbb204845, pid=20268, tid=9608
#
# JRE version: Java(TM) SE Runtime Environment (19.0.1+10) (build 19.0.1+10-21)
# Java VM: Java HotSpot(TM) 64-Bit Server VM (19.0.1+10-21, mixed mode, sharing, tiered, compressed oops, compressed class ptrs, g1 gc, windows-amd64)
# Problematic frame:
# C  [DrivingInterface.dll+0x24845]
#
# No core dump will be written. Minidumps are not enabled by default on client versions of Windows
#
# If you would like to submit a bug report, please visit:
#   https://bugreport.java.com/bugreport/crash.jsp
# The crash happened outside the Java Virtual Machine in native code.
# See problematic frame for where to report the bug.
#

---------------  S U M M A R Y ------------

Command Line: -Dfile.encoding=UTF-8 -XX:+ShowCodeDetailsInExceptionMessages MyCar

Host: 11th Gen Intel(R) Core(TM) i5-1135G7 @ 2.40GHz, 8 cores, 7G,  Windows 10 , 64 bit Build 19041 (10.0.19041.3636)
Time: Tue Dec 19 08:29:03 2023  Windows 10 , 64 bit Build 19041 (10.0.19041.3636) elapsed time: 0.101201 seconds (0d 0h 0m 0s)

---------------  T H R E A D  ---------------

Current thread (0x000001b59a87c5c0):  JavaThread "main" [_thread_in_native, id=9608, stack(0x000000b150500000,0x000000b150600000)]

Stack: [0x000000b150500000,0x000000b150600000],  sp=0x000000b1505f14e0,  free space=965k
Native frames: (J=compiled Java code, j=interpreted, Vv=VM code, C=native code)
C  [DrivingInterface.dll+0x24845]

Java frames: (J=compiled Java code, j=interpreted, Vv=VM code)
j  MyCar.StartDriving(Z)I+0
j  MyCar.main([Ljava/lang/String;)V+24
v  ~StubRoutines::call_stub 0x000001b5a9d210e8

siginfo: EXCEPTION_ACCESS_VIOLATION (0xc0000005), reading address 0x0000000000000008


Registers:
RAX=0x0000000000000000, RBX=0x000000b1505f1508, RCX=0x000000b1505f15a0, RDX=0x0000000000000000
RSP=0x000000b1505f14e0, RBP=0x000000b1505f15e0, RSI=0x0000000000000000, RDI=0x0000000000000000
R8 =0x0000000000000000, R9 =0x0000000000000004, R10=0x00009a94efc03def, R11=0x000000b1505f1550
R12=0x000000b1505f1748, R13=0x0000000000000000, R14=0x0000000000000000, R15=0x000000000000000a
RIP=0x00007ffdbb204845, EFLAGS=0x0000000000010297


Register to memory mapping:

RIP=0x00007ffdbb204845 DrivingInterface.dll
RAX=0x0 is NULL
RBX=0x000000b1505f1508 is pointing into the stack for thread: 0x000001b59a87c5c0
RCX=0x000000b1505f15a0 is pointing into the stack for thread: 0x000001b59a87c5c0
RDX=0x0 is NULL
RSP=0x000000b1505f14e0 is pointing into the stack for thread: 0x000001b59a87c5c0
RBP=0x000000b1505f15e0 is pointing into the stack for thread: 0x000001b59a87c5c0
RSI=0x0 is NULL
RDI=0x0 is NULL
R8 =0x0 is NULL
R9 =0x0000000000000004 is an unknown value
R10=0x00009a94efc03def is an unknown value
R11=0x000000b1505f1550 is pointing into the stack for thread: 0x000001b59a87c5c0
R12=0x000000b1505f1748 is pointing into the stack for thread: 0x000001b59a87c5c0
R13=0x0 is NULL
R14=0x0 is NULL
R15=0x000000000000000a is an unknown value


Top of Stack: (sp=0x000000b1505f14e0)
0x000000b1505f14e0:   0000000000000000 2aaaaaaaaaaaaaab
0x000000b1505f14f0:   0000000000000000 0000000000000000
0x000000b1505f1500:   0000000000000000 0000000000000000
0x000000b1505f1510:   0000000000000000 0000000000000000
0x000000b1505f1520:   000000b1505f15b0 000000b1505f1588
0x000000b1505f1530:   0000000000000000 000000b1505f15a0
0x000000b1505f1540:   0000000000000000 000000b1505f8620
0x000000b1505f1550:   00007ffdbb236a00 000000b1505f15b0
0x000000b1505f1560:   000000b1505f15a0 000000b1505f15a8
0x000000b1505f1570:   000000b1505f1748 0000000000000000
0x000000b1505f1580:   fffffffffffffffe 0000000000000000
0x000000b1505f1590:   00007ffd00000000 00007ffdbb22c37a
0x000000b1505f15a0:   0000000000000000 0000000000000000
0x000000b1505f15b0:   0000000000000000 000000b1505f1588
0x000000b1505f15c0:   000000b1505f15b0 00007ffdbb22bd7a
0x000000b1505f15d0:   000094041ce84c67 00007ffd00000000 

Instructions: (pc=0x00007ffdbb204845)
0x00007ffdbb204745:   4b 08 48 2b 0b 48 b8 ab aa aa aa aa aa aa 2a 48
0x00007ffdbb204755:   f7 e9 48 8b f2 48 d1 fe 48 8b c6 48 c1 e8 3f 48
0x00007ffdbb204765:   03 f0 48 8b cb e8 11 24 ff ff 8d 4e ff 44 3b f9
0x00007ffdbb204775:   7e 0a 41 8b c5 2b c1 44 03 f8 eb 08 45 85 ff 79
0x00007ffdbb204785:   03 44 03 fe 48 8b 4c 24 60 e8 ed 23 ff ff 48 be
0x00007ffdbb204795:   ab aa aa aa aa aa aa 2a 49 8b d4 48 8d 4c 24 28
0x00007ffdbb2047a5:   e8 e6 f1 fe ff 48 8b d8 e8 3e ae fe ff 48 8b 4b
0x00007ffdbb2047b5:   08 48 2b 0b 48 8b c6 48 f7 e9 4c 8b ea 49 d1 fd
0x00007ffdbb2047c5:   49 8b c5 48 c1 e8 3f 4c 03 e8 48 8b cb e8 a9 23
0x00007ffdbb2047d5:   ff ff f3 0f 10 15 51 24 03 00 41 8b f6 f3 0f 10
0x00007ffdbb2047e5:   6d b0 f3 0f 10 75 ac f3 0f 10 7d a8 41 3b ff 0f
0x00007ffdbb2047f5:   8d a5 00 00 00 49 8b 14 24 66 90 0f 28 e2 48 63
0x00007ffdbb204805:   c7 48 8d 0c 40 48 8d 04 8a 48 89 44 24 30 48 8d
0x00007ffdbb204815:   4d a8 48 89 4c 24 38 0f 10 44 24 28 0f 11 45 c8
0x00007ffdbb204825:   0f 10 4c 24 38 0f 11 4d d8 48 89 44 24 38 48 8d
0x00007ffdbb204835:   4d a8 48 89 4c 24 48 48 8d 4d c0 48 89 4c 24 58
0x00007ffdbb204845:   f3 0f 10 40 08 f3 0f 5c c5 f3 0f 59 c0 f3 0f 10
0x00007ffdbb204855:   48 04 f3 0f 5c ce f3 0f 59 c9 f3 0f 58 c8 f3 0f
0x00007ffdbb204865:   10 00 f3 0f 5c c7 f3 0f 59 c0 f3 0f 58 c8 0f 28
0x00007ffdbb204875:   c1 0f 28 d8 f3 0f 51 d9 0f 2f d3 76 03 0f 28 d3
0x00007ffdbb204885:   8b c7 0f 2f e3 0f 46 c6 8b f0 ff c7 41 3b ff 0f
0x00007ffdbb204895:   8c 66 ff ff ff e9 5d 01 00 00 41 3b fd 0f 8d a2
0x00007ffdbb2048a5:   00 00 00 49 8b 14 24 0f 1f 40 00 0f 28 e2 48 63
0x00007ffdbb2048b5:   c7 48 8d 0c 40 48 8d 04 8a 48 89 44 24 30 48 8d
0x00007ffdbb2048c5:   4d a8 48 89 4c 24 38 0f 10 44 24 28 0f 11 45 c8
0x00007ffdbb2048d5:   0f 10 4c 24 38 0f 11 4d d8 48 89 44 24 38 48 8d
0x00007ffdbb2048e5:   4d a8 48 89 4c 24 48 48 8d 4d c0 48 89 4c 24 58
0x00007ffdbb2048f5:   f3 0f 10 40 08 f3 0f 5c c5 f3 0f 59 c0 f3 0f 10
0x00007ffdbb204905:   48 04 f3 0f 5c ce f3 0f 59 c9 f3 0f 58 c8 f3 0f
0x00007ffdbb204915:   10 00 f3 0f 5c c7 f3 0f 59 c0 f3 0f 58 c8 0f 28
0x00007ffdbb204925:   c1 0f 28 d8 f3 0f 51 d9 0f 2f d3 76 03 0f 28 d3
0x00007ffdbb204935:   8b c7 0f 2f e3 0f 46 c6 8b f0 ff c7 41 3b fd 0f 


Stack slot to memory mapping:
stack at sp + 0 slots: 0x0 is NULL
stack at sp + 1 slots: 0x2aaaaaaaaaaaaaab is an unknown value
stack at sp + 2 slots: 0x0 is NULL
stack at sp + 3 slots: 0x0 is NULL
stack at sp + 4 slots: 0x0 is NULL
stack at sp + 5 slots: 0x0 is NULL
stack at sp + 6 slots: 0x0 is NULL
stack at sp + 7 slots: 0x0 is NULL


---------------  P R O C E S S  ---------------

Threads class SMR info:
_java_thread_list=0x000001b5bd19d9e0, length=12, elements={
0x000001b59a87c5c0, 0x000001b5b8f952f0, 0x000001b5b8f97ca0, 0x000001b5b8f9e2d0,
0x000001b5b8f9f3a0, 0x000001b5b8f9fe10, 0x000001b5b8fa0880, 0x000001b5b8fa18a0,
0x000001b5b8fc76c0, 0x000001b5b8fcd950, 0x000001b5bd196b10, 0x000001b5bd1955d0
}

Java Threads: ( => current thread )
=>0x000001b59a87c5c0 JavaThread "main" [_thread_in_native, id=9608, stack(0x000000b150500000,0x000000b150600000)]
  0x000001b5b8f952f0 JavaThread "Reference Handler" daemon [_thread_blocked, id=14428, stack(0x000000b150c00000,0x000000b150d00000)]
  0x000001b5b8f97ca0 JavaThread "Finalizer" daemon [_thread_blocked, id=8780, stack(0x000000b150d00000,0x000000b150e00000)]
  0x000001b5b8f9e2d0 JavaThread "Signal Dispatcher" daemon [_thread_blocked, id=11272, stack(0x000000b150e00000,0x000000b150f00000)]
  0x000001b5b8f9f3a0 JavaThread "Attach Listener" daemon [_thread_blocked, id=16356, stack(0x000000b150f00000,0x000000b151000000)]
  0x000001b5b8f9fe10 JavaThread "Service Thread" daemon [_thread_blocked, id=3580, stack(0x000000b151000000,0x000000b151100000)]
  0x000001b5b8fa0880 JavaThread "Monitor Deflation Thread" daemon [_thread_blocked, id=22268, stack(0x000000b151100000,0x000000b151200000)]
  0x000001b5b8fa18a0 JavaThread "C2 CompilerThread0" daemon [_thread_blocked, id=15064, stack(0x000000b151200000,0x000000b151300000)]
  0x000001b5b8fc76c0 JavaThread "C1 CompilerThread0" daemon [_thread_blocked, id=9680, stack(0x000000b151300000,0x000000b151400000)]
  0x000001b5b8fcd950 JavaThread "Sweeper thread" daemon [_thread_blocked, id=3008, stack(0x000000b151400000,0x000000b151500000)]
  0x000001b5bd196b10 JavaThread "Notification Thread" daemon [_thread_blocked, id=16844, stack(0x000000b151500000,0x000000b151600000)]
  0x000001b5bd1955d0 JavaThread "Common-Cleaner" daemon [_thread_blocked, id=14404, stack(0x000000b151700000,0x000000b151800000)]

Other Threads:
  0x000001b5b8f79f90 VMThread "VM Thread" [stack: 0x000000b150b00000,0x000000b150c00000] [id=13152]
  0x000001b5bd19c870 WatcherThread "VM Periodic Task Thread" [stack: 0x000000b151600000,0x000000b151700000] [id=17444]
  0x000001b59a8d90c0 WorkerThread "GC Thread#0" [stack: 0x000000b150600000,0x000000b150700000] [id=4704]
  0x000001b59a8ec250 ConcurrentGCThread "G1 Main Marker" [stack: 0x000000b150700000,0x000000b150800000] [id=16504]
  0x000001b59a8ecb90 WorkerThread "G1 Conc#0" [stack: 0x000000b150800000,0x000000b150900000] [id=11220]
  0x000001b59a94df80 ConcurrentGCThread "G1 Refine#0" [stack: 0x000000b150900000,0x000000b150a00000] [id=19172]
  0x000001b59a94e9d0 ConcurrentGCThread "G1 Service" [stack: 0x000000b150a00000,0x000000b150b00000] [id=15704]

Threads with active compile tasks:

VM state: not at safepoint (normal execution)

VM Mutex/Monitor currently owned by a thread: None

Heap address: 0x0000000083200000, size: 1998 MB, Compressed Oops mode: 32-bit

CDS archive(s) mapped at: [0x0000000800000000-0x0000000800c40000-0x0000000800c40000), size 12845056, SharedBaseAddress: 0x0000000800000000, ArchiveRelocationMode: 0.
Compressed class space mapped at: 0x0000000801000000-0x0000000841000000, reserved size: 1073741824
Narrow klass base: 0x0000000800000000, Narrow klass shift: 0, Narrow klass range: 0x100000000

GC Precious Log:
 CardTable entry size: 512
 Card Set container configuration: InlinePtr #cards 5 size 8 Array Of Cards #cards 12 size 40 Howl #buckets 4 coarsen threshold 1843 Howl Bitmap #cards 512 size 80 coarsen threshold 460 Card regions per heap region 1 cards per card region 2048
 CPUs: 8 total, 8 available
 Memory: 7987M
 Large Page Support: Disabled
 NUMA Support: Disabled
 Compressed Oops: Enabled (32-bit)
 Heap Region Size: 1M
 Heap Min Capacity: 8M
 Heap Initial Capacity: 126M
 Heap Max Capacity: 1998M
 Pre-touch: Disabled
 Parallel Workers: 8
 Concurrent Workers: 2
 Concurrent Refinement Workers: 8
 Periodic GC: Disabled

Heap:
 garbage-first heap   total 129024K, used 1024K [0x0000000083200000, 0x0000000100000000)
  region size 1024K, 2 young (2048K), 0 survivors (0K)
 Metaspace       used 193K, committed 384K, reserved 1114112K
  class space    used 9K, committed 128K, reserved 1048576K

Heap Regions: E=young(eden), S=young(survivor), O=old, HS=humongous(starts), HC=humongous(continues), CS=collection set, F=free, OA=open archive, CA=closed archive, TAMS=top-at-mark-start (previous, next)
|   0|0x0000000083200000, 0x0000000083200000, 0x0000000083300000|  0%| F|  |TAMS 0x0000000083200000, 0x0000000083200000| Untracked 
|   1|0x0000000083300000, 0x0000000083300000, 0x0000000083400000|  0%| F|  |TAMS 0x0000000083300000, 0x0000000083300000| Untracked 
|   2|0x0000000083400000, 0x0000000083400000, 0x0000000083500000|  0%| F|  |TAMS 0x0000000083400000, 0x0000000083400000| Untracked 
|   3|0x0000000083500000, 0x0000000083500000, 0x0000000083600000|  0%| F|  |TAMS 0x0000000083500000, 0x0000000083500000| Untracked 
|   4|0x0000000083600000, 0x0000000083600000, 0x0000000083700000|  0%| F|  |TAMS 0x0000000083600000, 0x0000000083600000| Untracked 
|   5|0x0000000083700000, 0x0000000083700000, 0x0000000083800000|  0%| F|  |TAMS 0x0000000083700000, 0x0000000083700000| Untracked 
|   6|0x0000000083800000, 0x0000000083800000, 0x0000000083900000|  0%| F|  |TAMS 0x0000000083800000, 0x0000000083800000| Untracked 
|   7|0x0000000083900000, 0x0000000083900000, 0x0000000083a00000|  0%| F|  |TAMS 0x0000000083900000, 0x0000000083900000| Untracked 
|   8|0x0000000083a00000, 0x0000000083a00000, 0x0000000083b00000|  0%| F|  |TAMS 0x0000000083a00000, 0x0000000083a00000| Untracked 
|   9|0x0000000083b00000, 0x0000000083b00000, 0x0000000083c00000|  0%| F|  |TAMS 0x0000000083b00000, 0x0000000083b00000| Untracked 
|  10|0x0000000083c00000, 0x0000000083c00000, 0x0000000083d00000|  0%| F|  |TAMS 0x0000000083c00000, 0x0000000083c00000| Untracked 
|  11|0x0000000083d00000, 0x0000000083d00000, 0x0000000083e00000|  0%| F|  |TAMS 0x0000000083d00000, 0x0000000083d00000| Untracked 
|  12|0x0000000083e00000, 0x0000000083e00000, 0x0000000083f00000|  0%| F|  |TAMS 0x0000000083e00000, 0x0000000083e00000| Untracked 
|  13|0x0000000083f00000, 0x0000000083f00000, 0x0000000084000000|  0%| F|  |TAMS 0x0000000083f00000, 0x0000000083f00000| Untracked 
|  14|0x0000000084000000, 0x0000000084000000, 0x0000000084100000|  0%| F|  |TAMS 0x0000000084000000, 0x0000000084000000| Untracked 
|  15|0x0000000084100000, 0x0000000084100000, 0x0000000084200000|  0%| F|  |TAMS 0x0000000084100000, 0x0000000084100000| Untracked 
|  16|0x0000000084200000, 0x0000000084200000, 0x0000000084300000|  0%| F|  |TAMS 0x0000000084200000, 0x0000000084200000| Untracked 
|  17|0x0000000084300000, 0x0000000084300000, 0x0000000084400000|  0%| F|  |TAMS 0x0000000084300000, 0x0000000084300000| Untracked 
|  18|0x0000000084400000, 0x0000000084400000, 0x0000000084500000|  0%| F|  |TAMS 0x0000000084400000, 0x0000000084400000| Untracked 
|  19|0x0000000084500000, 0x0000000084500000, 0x0000000084600000|  0%| F|  |TAMS 0x0000000084500000, 0x0000000084500000| Untracked 
|  20|0x0000000084600000, 0x0000000084600000, 0x0000000084700000|  0%| F|  |TAMS 0x0000000084600000, 0x0000000084600000| Untracked 
|  21|0x0000000084700000, 0x0000000084700000, 0x0000000084800000|  0%| F|  |TAMS 0x0000000084700000, 0x0000000084700000| Untracked 
|  22|0x0000000084800000, 0x0000000084800000, 0x0000000084900000|  0%| F|  |TAMS 0x0000000084800000, 0x0000000084800000| Untracked 
|  23|0x0000000084900000, 0x0000000084900000, 0x0000000084a00000|  0%| F|  |TAMS 0x0000000084900000, 0x0000000084900000| Untracked 
|  24|0x0000000084a00000, 0x0000000084a00000, 0x0000000084b00000|  0%| F|  |TAMS 0x0000000084a00000, 0x0000000084a00000| Untracked 
|  25|0x0000000084b00000, 0x0000000084b00000, 0x0000000084c00000|  0%| F|  |TAMS 0x0000000084b00000, 0x0000000084b00000| Untracked 
|  26|0x0000000084c00000, 0x0000000084c00000, 0x0000000084d00000|  0%| F|  |TAMS 0x0000000084c00000, 0x0000000084c00000| Untracked 
|  27|0x0000000084d00000, 0x0000000084d00000, 0x0000000084e00000|  0%| F|  |TAMS 0x0000000084d00000, 0x0000000084d00000| Untracked 
|  28|0x0000000084e00000, 0x0000000084e00000, 0x0000000084f00000|  0%| F|  |TAMS 0x0000000084e00000, 0x0000000084e00000| Untracked 
|  29|0x0000000084f00000, 0x0000000084f00000, 0x0000000085000000|  0%| F|  |TAMS 0x0000000084f00000, 0x0000000084f00000| Untracked 
|  30|0x0000000085000000, 0x0000000085000000, 0x0000000085100000|  0%| F|  |TAMS 0x0000000085000000, 0x0000000085000000| Untracked 
|  31|0x0000000085100000, 0x0000000085100000, 0x0000000085200000|  0%| F|  |TAMS 0x0000000085100000, 0x0000000085100000| Untracked 
|  32|0x0000000085200000, 0x0000000085200000, 0x0000000085300000|  0%| F|  |TAMS 0x0000000085200000, 0x0000000085200000| Untracked 
|  33|0x0000000085300000, 0x0000000085300000, 0x0000000085400000|  0%| F|  |TAMS 0x0000000085300000, 0x0000000085300000| Untracked 
|  34|0x0000000085400000, 0x0000000085400000, 0x0000000085500000|  0%| F|  |TAMS 0x0000000085400000, 0x0000000085400000| Untracked 
|  35|0x0000000085500000, 0x0000000085500000, 0x0000000085600000|  0%| F|  |TAMS 0x0000000085500000, 0x0000000085500000| Untracked 
|  36|0x0000000085600000, 0x0000000085600000, 0x0000000085700000|  0%| F|  |TAMS 0x0000000085600000, 0x0000000085600000| Untracked 
|  37|0x0000000085700000, 0x0000000085700000, 0x0000000085800000|  0%| F|  |TAMS 0x0000000085700000, 0x0000000085700000| Untracked 
|  38|0x0000000085800000, 0x0000000085800000, 0x0000000085900000|  0%| F|  |TAMS 0x0000000085800000, 0x0000000085800000| Untracked 
|  39|0x0000000085900000, 0x0000000085900000, 0x0000000085a00000|  0%| F|  |TAMS 0x0000000085900000, 0x0000000085900000| Untracked 
|  40|0x0000000085a00000, 0x0000000085a00000, 0x0000000085b00000|  0%| F|  |TAMS 0x0000000085a00000, 0x0000000085a00000| Untracked 
|  41|0x0000000085b00000, 0x0000000085b00000, 0x0000000085c00000|  0%| F|  |TAMS 0x0000000085b00000, 0x0000000085b00000| Untracked 
|  42|0x0000000085c00000, 0x0000000085c00000, 0x0000000085d00000|  0%| F|  |TAMS 0x0000000085c00000, 0x0000000085c00000| Untracked 
|  43|0x0000000085d00000, 0x0000000085d00000, 0x0000000085e00000|  0%| F|  |TAMS 0x0000000085d00000, 0x0000000085d00000| Untracked 
|  44|0x0000000085e00000, 0x0000000085e00000, 0x0000000085f00000|  0%| F|  |TAMS 0x0000000085e00000, 0x0000000085e00000| Untracked 
|  45|0x0000000085f00000, 0x0000000085f00000, 0x0000000086000000|  0%| F|  |TAMS 0x0000000085f00000, 0x0000000085f00000| Untracked 
|  46|0x0000000086000000, 0x0000000086000000, 0x0000000086100000|  0%| F|  |TAMS 0x0000000086000000, 0x0000000086000000| Untracked 
|  47|0x0000000086100000, 0x0000000086100000, 0x0000000086200000|  0%| F|  |TAMS 0x0000000086100000, 0x0000000086100000| Untracked 
|  48|0x0000000086200000, 0x0000000086200000, 0x0000000086300000|  0%| F|  |TAMS 0x0000000086200000, 0x0000000086200000| Untracked 
|  49|0x0000000086300000, 0x0000000086300000, 0x0000000086400000|  0%| F|  |TAMS 0x0000000086300000, 0x0000000086300000| Untracked 
|  50|0x0000000086400000, 0x0000000086400000, 0x0000000086500000|  0%| F|  |TAMS 0x0000000086400000, 0x0000000086400000| Untracked 
|  51|0x0000000086500000, 0x0000000086500000, 0x0000000086600000|  0%| F|  |TAMS 0x0000000086500000, 0x0000000086500000| Untracked 
|  52|0x0000000086600000, 0x0000000086600000, 0x0000000086700000|  0%| F|  |TAMS 0x0000000086600000, 0x0000000086600000| Untracked 
|  53|0x0000000086700000, 0x0000000086700000, 0x0000000086800000|  0%| F|  |TAMS 0x0000000086700000, 0x0000000086700000| Untracked 
|  54|0x0000000086800000, 0x0000000086800000, 0x0000000086900000|  0%| F|  |TAMS 0x0000000086800000, 0x0000000086800000| Untracked 
|  55|0x0000000086900000, 0x0000000086900000, 0x0000000086a00000|  0%| F|  |TAMS 0x0000000086900000, 0x0000000086900000| Untracked 
|  56|0x0000000086a00000, 0x0000000086a00000, 0x0000000086b00000|  0%| F|  |TAMS 0x0000000086a00000, 0x0000000086a00000| Untracked 
|  57|0x0000000086b00000, 0x0000000086b00000, 0x0000000086c00000|  0%| F|  |TAMS 0x0000000086b00000, 0x0000000086b00000| Untracked 
|  58|0x0000000086c00000, 0x0000000086c00000, 0x0000000086d00000|  0%| F|  |TAMS 0x0000000086c00000, 0x0000000086c00000| Untracked 
|  59|0x0000000086d00000, 0x0000000086d00000, 0x0000000086e00000|  0%| F|  |TAMS 0x0000000086d00000, 0x0000000086d00000| Untracked 
|  60|0x0000000086e00000, 0x0000000086e00000, 0x0000000086f00000|  0%| F|  |TAMS 0x0000000086e00000, 0x0000000086e00000| Untracked 
|  61|0x0000000086f00000, 0x0000000086f00000, 0x0000000087000000|  0%| F|  |TAMS 0x0000000086f00000, 0x0000000086f00000| Untracked 
|  62|0x0000000087000000, 0x0000000087000000, 0x0000000087100000|  0%| F|  |TAMS 0x0000000087000000, 0x0000000087000000| Untracked 
|  63|0x0000000087100000, 0x0000000087100000, 0x0000000087200000|  0%| F|  |TAMS 0x0000000087100000, 0x0000000087100000| Untracked 
|  64|0x0000000087200000, 0x0000000087200000, 0x0000000087300000|  0%| F|  |TAMS 0x0000000087200000, 0x0000000087200000| Untracked 
|  65|0x0000000087300000, 0x0000000087300000, 0x0000000087400000|  0%| F|  |TAMS 0x0000000087300000, 0x0000000087300000| Untracked 
|  66|0x0000000087400000, 0x0000000087400000, 0x0000000087500000|  0%| F|  |TAMS 0x0000000087400000, 0x0000000087400000| Untracked 
|  67|0x0000000087500000, 0x0000000087500000, 0x0000000087600000|  0%| F|  |TAMS 0x0000000087500000, 0x0000000087500000| Untracked 
|  68|0x0000000087600000, 0x0000000087600000, 0x0000000087700000|  0%| F|  |TAMS 0x0000000087600000, 0x0000000087600000| Untracked 
|  69|0x0000000087700000, 0x0000000087700000, 0x0000000087800000|  0%| F|  |TAMS 0x0000000087700000, 0x0000000087700000| Untracked 
|  70|0x0000000087800000, 0x0000000087800000, 0x0000000087900000|  0%| F|  |TAMS 0x0000000087800000, 0x0000000087800000| Untracked 
|  71|0x0000000087900000, 0x0000000087900000, 0x0000000087a00000|  0%| F|  |TAMS 0x0000000087900000, 0x0000000087900000| Untracked 
|  72|0x0000000087a00000, 0x0000000087a00000, 0x0000000087b00000|  0%| F|  |TAMS 0x0000000087a00000, 0x0000000087a00000| Untracked 
|  73|0x0000000087b00000, 0x0000000087b00000, 0x0000000087c00000|  0%| F|  |TAMS 0x0000000087b00000, 0x0000000087b00000| Untracked 
|  74|0x0000000087c00000, 0x0000000087c00000, 0x0000000087d00000|  0%| F|  |TAMS 0x0000000087c00000, 0x0000000087c00000| Untracked 
|  75|0x0000000087d00000, 0x0000000087d00000, 0x0000000087e00000|  0%| F|  |TAMS 0x0000000087d00000, 0x0000000087d00000| Untracked 
|  76|0x0000000087e00000, 0x0000000087e00000, 0x0000000087f00000|  0%| F|  |TAMS 0x0000000087e00000, 0x0000000087e00000| Untracked 
|  77|0x0000000087f00000, 0x0000000087f00000, 0x0000000088000000|  0%| F|  |TAMS 0x0000000087f00000, 0x0000000087f00000| Untracked 
|  78|0x0000000088000000, 0x0000000088000000, 0x0000000088100000|  0%| F|  |TAMS 0x0000000088000000, 0x0000000088000000| Untracked 
|  79|0x0000000088100000, 0x0000000088100000, 0x0000000088200000|  0%| F|  |TAMS 0x0000000088100000, 0x0000000088100000| Untracked 
|  80|0x0000000088200000, 0x0000000088200000, 0x0000000088300000|  0%| F|  |TAMS 0x0000000088200000, 0x0000000088200000| Untracked 
|  81|0x0000000088300000, 0x0000000088300000, 0x0000000088400000|  0%| F|  |TAMS 0x0000000088300000, 0x0000000088300000| Untracked 
|  82|0x0000000088400000, 0x0000000088400000, 0x0000000088500000|  0%| F|  |TAMS 0x0000000088400000, 0x0000000088400000| Untracked 
|  83|0x0000000088500000, 0x0000000088500000, 0x0000000088600000|  0%| F|  |TAMS 0x0000000088500000, 0x0000000088500000| Untracked 
|  84|0x0000000088600000, 0x0000000088600000, 0x0000000088700000|  0%| F|  |TAMS 0x0000000088600000, 0x0000000088600000| Untracked 
|  85|0x0000000088700000, 0x0000000088700000, 0x0000000088800000|  0%| F|  |TAMS 0x0000000088700000, 0x0000000088700000| Untracked 
|  86|0x0000000088800000, 0x0000000088800000, 0x0000000088900000|  0%| F|  |TAMS 0x0000000088800000, 0x0000000088800000| Untracked 
|  87|0x0000000088900000, 0x0000000088900000, 0x0000000088a00000|  0%| F|  |TAMS 0x0000000088900000, 0x0000000088900000| Untracked 
|  88|0x0000000088a00000, 0x0000000088a00000, 0x0000000088b00000|  0%| F|  |TAMS 0x0000000088a00000, 0x0000000088a00000| Untracked 
|  89|0x0000000088b00000, 0x0000000088b00000, 0x0000000088c00000|  0%| F|  |TAMS 0x0000000088b00000, 0x0000000088b00000| Untracked 
|  90|0x0000000088c00000, 0x0000000088c00000, 0x0000000088d00000|  0%| F|  |TAMS 0x0000000088c00000, 0x0000000088c00000| Untracked 
|  91|0x0000000088d00000, 0x0000000088d00000, 0x0000000088e00000|  0%| F|  |TAMS 0x0000000088d00000, 0x0000000088d00000| Untracked 
|  92|0x0000000088e00000, 0x0000000088e00000, 0x0000000088f00000|  0%| F|  |TAMS 0x0000000088e00000, 0x0000000088e00000| Untracked 
|  93|0x0000000088f00000, 0x0000000088f00000, 0x0000000089000000|  0%| F|  |TAMS 0x0000000088f00000, 0x0000000088f00000| Untracked 
|  94|0x0000000089000000, 0x0000000089000000, 0x0000000089100000|  0%| F|  |TAMS 0x0000000089000000, 0x0000000089000000| Untracked 
|  95|0x0000000089100000, 0x0000000089100000, 0x0000000089200000|  0%| F|  |TAMS 0x0000000089100000, 0x0000000089100000| Untracked 
|  96|0x0000000089200000, 0x0000000089200000, 0x0000000089300000|  0%| F|  |TAMS 0x0000000089200000, 0x0000000089200000| Untracked 
|  97|0x0000000089300000, 0x0000000089300000, 0x0000000089400000|  0%| F|  |TAMS 0x0000000089300000, 0x0000000089300000| Untracked 
|  98|0x0000000089400000, 0x0000000089400000, 0x0000000089500000|  0%| F|  |TAMS 0x0000000089400000, 0x0000000089400000| Untracked 
|  99|0x0000000089500000, 0x0000000089500000, 0x0000000089600000|  0%| F|  |TAMS 0x0000000089500000, 0x0000000089500000| Untracked 
| 100|0x0000000089600000, 0x0000000089600000, 0x0000000089700000|  0%| F|  |TAMS 0x0000000089600000, 0x0000000089600000| Untracked 
| 101|0x0000000089700000, 0x0000000089700000, 0x0000000089800000|  0%| F|  |TAMS 0x0000000089700000, 0x0000000089700000| Untracked 
| 102|0x0000000089800000, 0x0000000089800000, 0x0000000089900000|  0%| F|  |TAMS 0x0000000089800000, 0x0000000089800000| Untracked 
| 103|0x0000000089900000, 0x0000000089900000, 0x0000000089a00000|  0%| F|  |TAMS 0x0000000089900000, 0x0000000089900000| Untracked 
| 104|0x0000000089a00000, 0x0000000089a00000, 0x0000000089b00000|  0%| F|  |TAMS 0x0000000089a00000, 0x0000000089a00000| Untracked 
| 105|0x0000000089b00000, 0x0000000089b00000, 0x0000000089c00000|  0%| F|  |TAMS 0x0000000089b00000, 0x0000000089b00000| Untracked 
| 106|0x0000000089c00000, 0x0000000089c00000, 0x0000000089d00000|  0%| F|  |TAMS 0x0000000089c00000, 0x0000000089c00000| Untracked 
| 107|0x0000000089d00000, 0x0000000089d00000, 0x0000000089e00000|  0%| F|  |TAMS 0x0000000089d00000, 0x0000000089d00000| Untracked 
| 108|0x0000000089e00000, 0x0000000089e00000, 0x0000000089f00000|  0%| F|  |TAMS 0x0000000089e00000, 0x0000000089e00000| Untracked 
| 109|0x0000000089f00000, 0x0000000089f00000, 0x000000008a000000|  0%| F|  |TAMS 0x0000000089f00000, 0x0000000089f00000| Untracked 
| 110|0x000000008a000000, 0x000000008a000000, 0x000000008a100000|  0%| F|  |TAMS 0x000000008a000000, 0x000000008a000000| Untracked 
| 111|0x000000008a100000, 0x000000008a100000, 0x000000008a200000|  0%| F|  |TAMS 0x000000008a100000, 0x000000008a100000| Untracked 
| 112|0x000000008a200000, 0x000000008a200000, 0x000000008a300000|  0%| F|  |TAMS 0x000000008a200000, 0x000000008a200000| Untracked 
| 113|0x000000008a300000, 0x000000008a300000, 0x000000008a400000|  0%| F|  |TAMS 0x000000008a300000, 0x000000008a300000| Untracked 
| 114|0x000000008a400000, 0x000000008a400000, 0x000000008a500000|  0%| F|  |TAMS 0x000000008a400000, 0x000000008a400000| Untracked 
| 115|0x000000008a500000, 0x000000008a500000, 0x000000008a600000|  0%| F|  |TAMS 0x000000008a500000, 0x000000008a500000| Untracked 
| 116|0x000000008a600000, 0x000000008a600000, 0x000000008a700000|  0%| F|  |TAMS 0x000000008a600000, 0x000000008a600000| Untracked 
| 117|0x000000008a700000, 0x000000008a700000, 0x000000008a800000|  0%| F|  |TAMS 0x000000008a700000, 0x000000008a700000| Untracked 
| 118|0x000000008a800000, 0x000000008a800000, 0x000000008a900000|  0%| F|  |TAMS 0x000000008a800000, 0x000000008a800000| Untracked 
| 119|0x000000008a900000, 0x000000008a900000, 0x000000008aa00000|  0%| F|  |TAMS 0x000000008a900000, 0x000000008a900000| Untracked 
| 120|0x000000008aa00000, 0x000000008aa00000, 0x000000008ab00000|  0%| F|  |TAMS 0x000000008aa00000, 0x000000008aa00000| Untracked 
| 121|0x000000008ab00000, 0x000000008ab00000, 0x000000008ac00000|  0%| F|  |TAMS 0x000000008ab00000, 0x000000008ab00000| Untracked 
| 122|0x000000008ac00000, 0x000000008ac00000, 0x000000008ad00000|  0%| F|  |TAMS 0x000000008ac00000, 0x000000008ac00000| Untracked 
| 123|0x000000008ad00000, 0x000000008ad00000, 0x000000008ae00000|  0%| F|  |TAMS 0x000000008ad00000, 0x000000008ad00000| Untracked 
| 124|0x000000008ae00000, 0x000000008af00000, 0x000000008af00000|100%| E|  |TAMS 0x000000008ae00000, 0x000000008ae00000| Complete 
| 125|0x000000008af00000, 0x000000008b000000, 0x000000008b000000|100%| E|CS|TAMS 0x000000008af00000, 0x000000008af00000| Complete 

Card table byte_map: [0x000001b5b1f10000,0x000001b5b2300000] _byte_map_base: 0x000001b5b1af7000

Marking Bits (Prev, Next): (CMBitMap*) 0x000001b59a8da610, (CMBitMap*) 0x000001b59a8da650
 Prev Bits: [0x000001b5b26f0000, 0x000001b5b4628000)
 Next Bits: [0x000001b5b4630000, 0x000001b5b6568000)

Polling page: 0x000001b598850000

Metaspace:

Usage:
  Non-class:    184.39 KB used.
      Class:      9.41 KB used.
       Both:    193.80 KB used.

Virtual space:
  Non-class space:       64.00 MB reserved,     256.00 KB ( <1%) committed,  1 nodes.
      Class space:        1.00 GB reserved,     128.00 KB ( <1%) committed,  1 nodes.
             Both:        1.06 GB reserved,     384.00 KB ( <1%) committed. 

Chunk freelists:
   Non-Class:  3.99 MB
       Class:  3.75 MB
        Both:  7.74 MB

MaxMetaspaceSize: unlimited
CompressedClassSpaceSize: 1.00 GB
Initial GC threshold: 21.00 MB
Current GC threshold: 21.00 MB
CDS: on
MetaspaceReclaimPolicy: balanced
 - commit_granule_bytes: 65536.
 - commit_granule_words: 8192.
 - virtual_space_node_default_size: 8388608.
 - enlarge_chunks_in_place: 1.
 - new_chunks_are_fully_committed: 0.
 - uncommit_free_chunks: 1.
 - use_allocation_guard: 0.


Internal statistics:

num_allocs_failed_limit: 0.
num_arena_births: 4.
num_arena_deaths: 0.
num_vsnodes_births: 2.
num_vsnodes_deaths: 0.
num_space_committed: 6.
num_space_uncommitted: 0.
num_chunks_returned_to_freelist: 0.
num_chunks_taken_from_freelist: 5.
num_chunk_merges: 0.
num_chunk_splits: 2.
num_chunks_enlarged: 1.
num_inconsistent_stats: 0.

CodeHeap 'non-profiled nmethods': size=120000Kb used=15Kb max_used=15Kb free=119984Kb
 bounds [0x000001b5aa2c0000, 0x000001b5aa530000, 0x000001b5b17f0000]
CodeHeap 'profiled nmethods': size=120000Kb used=90Kb max_used=90Kb free=119909Kb
 bounds [0x000001b5a27f0000, 0x000001b5a2a60000, 0x000001b5a9d20000]
CodeHeap 'non-nmethods': size=5760Kb used=1144Kb max_used=1148Kb free=4615Kb
 bounds [0x000001b5a9d20000, 0x000001b5a9f90000, 0x000001b5aa2c0000]
 total_blobs=378 nmethods=73 adapters=216
 compilation: enabled
              stopped_count=0, restarted_count=0
 full_count=0

Compilation events (20 events):
Event: 0.062 Thread 0x000001b5b8fc76c0   63       1       java.lang.module.ModuleDescriptor$Exports::targets (5 bytes)
Event: 0.062 Thread 0x000001b5b8fc76c0 nmethod 63 0x000001b5aa2c3990 code [0x000001b5aa2c3b20, 0x000001b5aa2c3bd8]
Event: 0.065 Thread 0x000001b5b8fc76c0   65       3       java.lang.AbstractStringBuilder::ensureCapacityInternal (39 bytes)
Event: 0.065 Thread 0x000001b5b8fc76c0 nmethod 65 0x000001b5a2804010 code [0x000001b5a28041c0, 0x000001b5a28043f8]
Event: 0.066 Thread 0x000001b5b8fc76c0   66       3       java.lang.String::isEmpty (14 bytes)
Event: 0.066 Thread 0x000001b5b8fc76c0 nmethod 66 0x000001b5a2804510 code [0x000001b5a28046a0, 0x000001b5a2804818]
Event: 0.068 Thread 0x000001b5b8fc76c0   67       3       java.lang.Math::min (11 bytes)
Event: 0.068 Thread 0x000001b5b8fc76c0 nmethod 67 0x000001b5a2804910 code [0x000001b5a2804aa0, 0x000001b5a2804bd8]
Event: 0.070 Thread 0x000001b5b8fc76c0   68       3       java.lang.StringLatin1::canEncode (13 bytes)
Event: 0.071 Thread 0x000001b5b8fc76c0 nmethod 68 0x000001b5a2804c90 code [0x000001b5a2804e20, 0x000001b5a2804f78]
Event: 0.071 Thread 0x000001b5b8fc76c0   69       3       java.lang.StringLatin1::indexOfChar (33 bytes)
Event: 0.071 Thread 0x000001b5b8fc76c0 nmethod 69 0x000001b5a2805010 code [0x000001b5a28051c0, 0x000001b5a28053f8]
Event: 0.071 Thread 0x000001b5b8fc76c0   70       3       java.lang.AbstractStringBuilder::isLatin1 (19 bytes)
Event: 0.071 Thread 0x000001b5b8fc76c0 nmethod 70 0x000001b5a2805510 code [0x000001b5a28056a0, 0x000001b5a2805818]
Event: 0.072 Thread 0x000001b5b8fc76c0   71       3       java.lang.StringBuilder::append (8 bytes)
Event: 0.072 Thread 0x000001b5b8fc76c0 nmethod 71 0x000001b5a2805890 code [0x000001b5a2805a40, 0x000001b5a2805b88]
Event: 0.072 Thread 0x000001b5b8fc76c0   72       3       java.lang.AbstractStringBuilder::append (77 bytes)
Event: 0.072 Thread 0x000001b5b8fc76c0 nmethod 72 0x000001b5a2805c10 code [0x000001b5a2805e20, 0x000001b5a2806518]
Event: 0.072 Thread 0x000001b5b8fc76c0   73       3       java.io.WinNTFileSystem::isSlash (18 bytes)
Event: 0.072 Thread 0x000001b5b8fc76c0 nmethod 73 0x000001b5a2806790 code [0x000001b5a2806920, 0x000001b5a2806ab8]

GC Heap History (0 events):
No events

Dll operation events (3 events):
Event: 0.010 Loaded shared library C:\Program Files\Java\jdk-19\bin\java.dll
Event: 0.023 Loaded shared library C:\Program Files\Java\jdk-19\bin\jsvml.dll
Event: 0.076 Loaded shared library C:\Users\user\Desktop\MyCar\DrivingInterface\DrivingInterface.dll

Deoptimization events (0 events):
No events

Classes loaded (18 events):
Event: 0.034 Loading class sun/nio/cs/MS949
Event: 0.034 Loading class sun/nio/cs/MS949 done
Event: 0.034 Loading class sun/nio/cs/DoubleByte$Decoder
Event: 0.034 Loading class sun/nio/cs/DelegatableDecoder
Event: 0.035 Loading class sun/nio/cs/DelegatableDecoder done
Event: 0.035 Loading class sun/nio/cs/DoubleByte$Decoder done
Event: 0.035 Loading class sun/nio/cs/MS949$DecodeHolder
Event: 0.035 Loading class sun/nio/cs/MS949$DecodeHolder done
Event: 0.035 Loading class sun/nio/cs/DoubleByte
Event: 0.035 Loading class sun/nio/cs/DoubleByte done
Event: 0.039 Loading class sun/nio/cs/DoubleByte$Encoder
Event: 0.039 Loading class sun/nio/cs/DoubleByte$Encoder done
Event: 0.039 Loading class sun/nio/cs/MS949$EncodeHolder
Event: 0.039 Loading class sun/nio/cs/MS949$EncodeHolder done
Event: 0.065 Loading class jdk/internal/loader/URLClassPath$FileLoader
Event: 0.065 Loading class jdk/internal/loader/URLClassPath$FileLoader done
Event: 0.066 Loading class jdk/internal/loader/URLClassPath$FileLoader$1
Event: 0.066 Loading class jdk/internal/loader/URLClassPath$FileLoader$1 done

Classes unloaded (0 events):
No events

Classes redefined (0 events):
No events

Internal exceptions (0 events):
No events

VM Operations (0 events):
No events

Events (12 events):
Event: 0.023 Thread 0x000001b59a87c5c0 Thread added: 0x000001b59a87c5c0
Event: 0.044 Thread 0x000001b5b8f952f0 Thread added: 0x000001b5b8f952f0
Event: 0.044 Thread 0x000001b5b8f97ca0 Thread added: 0x000001b5b8f97ca0
Event: 0.044 Thread 0x000001b5b8f9e2d0 Thread added: 0x000001b5b8f9e2d0
Event: 0.044 Thread 0x000001b5b8f9f3a0 Thread added: 0x000001b5b8f9f3a0
Event: 0.044 Thread 0x000001b5b8f9fe10 Thread added: 0x000001b5b8f9fe10
Event: 0.044 Thread 0x000001b5b8fa0880 Thread added: 0x000001b5b8fa0880
Event: 0.045 Thread 0x000001b5b8fa18a0 Thread added: 0x000001b5b8fa18a0
Event: 0.045 Thread 0x000001b5b8fc76c0 Thread added: 0x000001b5b8fc76c0
Event: 0.045 Thread 0x000001b5b8fcd950 Thread added: 0x000001b5b8fcd950
Event: 0.062 Thread 0x000001b5bd196b10 Thread added: 0x000001b5bd196b10
Event: 0.068 Thread 0x000001b5bd1955d0 Thread added: 0x000001b5bd1955d0


Dynamic libraries:
0x00007ff618530000 - 0x00007ff618540000 	C:\Program Files\Java\jdk-19\bin\javaw.exe
0x00007ffdf7230000 - 0x00007ffdf7428000 	C:\Windows\SYSTEM32\ntdll.dll
0x00007ffdf5790000 - 0x00007ffdf584d000 	C:\Windows\System32\KERNEL32.DLL
0x00007ffdf4a80000 - 0x00007ffdf4d76000 	C:\Windows\System32\KERNELBASE.dll
0x00007ffdf4db0000 - 0x00007ffdf4eb0000 	C:\Windows\System32\ucrtbase.dll
0x00007ffddf620000 - 0x00007ffddf638000 	C:\Program Files\Java\jdk-19\bin\jli.dll
0x00007ffddf350000 - 0x00007ffddf36b000 	C:\Program Files\Java\jdk-19\bin\VCRUNTIME140.dll
0x00007ffdf7020000 - 0x00007ffdf70cf000 	C:\Windows\System32\ADVAPI32.dll
0x00007ffdf6590000 - 0x00007ffdf662e000 	C:\Windows\System32\msvcrt.dll
0x00007ffdf56f0000 - 0x00007ffdf578c000 	C:\Windows\System32\sechost.dll
0x00007ffdf5390000 - 0x00007ffdf54b6000 	C:\Windows\System32\RPCRT4.dll
0x00007ffdf6e80000 - 0x00007ffdf701e000 	C:\Windows\System32\USER32.dll
0x00007ffdf51c0000 - 0x00007ffdf51e2000 	C:\Windows\System32\win32u.dll
0x00007ffdf59e0000 - 0x00007ffdf5a0c000 	C:\Windows\System32\GDI32.dll
0x00007ffdf50a0000 - 0x00007ffdf51ba000 	C:\Windows\System32\gdi32full.dll
0x00007ffdf51f0000 - 0x00007ffdf528d000 	C:\Windows\System32\msvcp_win.dll
0x00007ffddc1a0000 - 0x00007ffddc43a000 	C:\Windows\WinSxS\amd64_microsoft.windows.common-controls_6595b64144ccf1df_6.0.19041.3636_none_60b6a03d71f818d5\COMCTL32.dll
0x00007ffdee390000 - 0x00007ffdee39a000 	C:\Windows\SYSTEM32\VERSION.dll
0x00007ffdf5290000 - 0x00007ffdf52c0000 	C:\Windows\System32\IMM32.DLL
0x00007ffdee610000 - 0x00007ffdee61c000 	C:\Program Files\Java\jdk-19\bin\vcruntime140_1.dll
0x00007ffddef60000 - 0x00007ffddefee000 	C:\Program Files\Java\jdk-19\bin\msvcp140.dll
0x00007ffdab0c0000 - 0x00007ffdabd80000 	C:\Program Files\Java\jdk-19\bin\server\jvm.dll
0x00007ffddf510000 - 0x00007ffddf537000 	C:\Windows\SYSTEM32\WINMM.dll
0x00007ffdba1b0000 - 0x00007ffdba1b9000 	C:\Windows\SYSTEM32\WSOCK32.dll
0x00007ffdf52c0000 - 0x00007ffdf532b000 	C:\Windows\System32\WS2_32.dll
0x00007ffdf2770000 - 0x00007ffdf2782000 	C:\Windows\SYSTEM32\kernel.appcore.dll
0x00007ffdee5c0000 - 0x00007ffdee5ca000 	C:\Program Files\Java\jdk-19\bin\jimage.dll
0x00007ffdecf50000 - 0x00007ffded134000 	C:\Windows\SYSTEM32\DBGHELP.DLL
0x00007ffdea4f0000 - 0x00007ffdea524000 	C:\Windows\SYSTEM32\dbgcore.DLL
0x00007ffdf5010000 - 0x00007ffdf5092000 	C:\Windows\System32\bcryptPrimitives.dll
0x00007ffddf1b0000 - 0x00007ffddf1d6000 	C:\Program Files\Java\jdk-19\bin\java.dll
0x00007ffdd72e0000 - 0x00007ffdd73b7000 	C:\Program Files\Java\jdk-19\bin\jsvml.dll
0x00007ffdf5ae0000 - 0x00007ffdf6225000 	C:\Windows\System32\SHELL32.dll
0x00007ffdf2990000 - 0x00007ffdf312b000 	C:\Windows\SYSTEM32\windows.storage.dll
0x00007ffdf6630000 - 0x00007ffdf6984000 	C:\Windows\System32\combase.dll
0x00007ffdf4270000 - 0x00007ffdf429d000 	C:\Windows\SYSTEM32\Wldp.dll
0x00007ffdf6480000 - 0x00007ffdf652d000 	C:\Windows\System32\SHCORE.dll
0x00007ffdf69b0000 - 0x00007ffdf6a05000 	C:\Windows\System32\shlwapi.dll
0x00007ffdf4840000 - 0x00007ffdf4865000 	C:\Windows\SYSTEM32\profapi.dll
0x00007ffdbb1e0000 - 0x00007ffdbb253000 	C:\Users\user\Desktop\MyCar\DrivingInterface\DrivingInterface.dll
0x00007ffdf3fe0000 - 0x00007ffdf404a000 	C:\Windows\system32\mswsock.dll

dbghelp: loaded successfully - version: 4.0.5 - missing functions: none
symbol engine: initialized successfully - sym options: 0x614 - pdb path: .;C:\Program Files\Java\jdk-19\bin;C:\Windows\SYSTEM32;C:\Windows\WinSxS\amd64_microsoft.windows.common-controls_6595b64144ccf1df_6.0.19041.3636_none_60b6a03d71f818d5;C:\Program Files\Java\jdk-19\bin\server;C:\Users\user\Desktop\MyCar\DrivingInterface

VM Arguments:
jvm_args: -Dfile.encoding=UTF-8 -XX:+ShowCodeDetailsInExceptionMessages 
java_command: MyCar
java_class_path (initial): C:\Users\user\Desktop\MyCar\Build\Release
Launcher Type: SUN_STANDARD

[Global flags]
     intx CICompilerCount                          = 4                                         {product} {ergonomic}
     uint ConcGCThreads                            = 2                                         {product} {ergonomic}
     uint G1ConcRefinementThreads                  = 8                                         {product} {ergonomic}
   size_t G1HeapRegionSize                         = 1048576                                   {product} {ergonomic}
    uintx GCDrainStackTargetSize                   = 64                                        {product} {ergonomic}
   size_t InitialHeapSize                          = 132120576                                 {product} {ergonomic}
   size_t MarkStackSize                            = 4194304                                   {product} {ergonomic}
   size_t MaxHeapSize                              = 2095054848                                {product} {ergonomic}
   size_t MaxNewSize                               = 1256194048                                {product} {ergonomic}
   size_t MinHeapDeltaBytes                        = 1048576                                   {product} {ergonomic}
   size_t MinHeapSize                              = 8388608                                   {product} {ergonomic}
    uintx NonNMethodCodeHeapSize                   = 5839372                                {pd product} {ergonomic}
    uintx NonProfiledCodeHeapSize                  = 122909434                              {pd product} {ergonomic}
    uintx ProfiledCodeHeapSize                     = 122909434                              {pd product} {ergonomic}
    uintx ReservedCodeCacheSize                    = 251658240                              {pd product} {ergonomic}
     bool SegmentedCodeCache                       = true                                      {product} {ergonomic}
     bool ShowCodeDetailsInExceptionMessages       = true                                   {manageable} {command line}
   size_t SoftMaxHeapSize                          = 2095054848                             {manageable} {ergonomic}
     bool UseCompressedClassPointers               = true                           {product lp64_product} {ergonomic}
     bool UseCompressedOops                        = true                           {product lp64_product} {ergonomic}
     bool UseG1GC                                  = true                                      {product} {ergonomic}
     bool UseLargePagesIndividualAllocation        = false                                  {pd product} {ergonomic}

Logging:
Log output configuration:
 #0: stdout all=warning uptime,level,tags foldmultilines=false
 #1: stderr all=off uptime,level,tags foldmultilines=false

Environment Variables:
PATH=C:\Program Files\Common Files\Oracle\Java\javapath;C:\Program Files (x86)\Common Files\Oracle\Java\javapath;C:\Windows\system32;C:\Windows;C:\Windows\System32\Wbem;C:\Windows\System32\WindowsPowerShell\v1.0\;C:\Windows\System32\OpenSSH\;C:\Program Files\Bandizip\;C:\Program Files\Git\cmd;C:\Program Files\nodejs\;C:\Program Files\PuTTY\;C:\Program Files\Docker\Docker\resources\bin;C:\Program Files (x86)\Windows Kits\8.1\Windows Performance Toolkit\;C:\Users\user\AppData\Local\Microsoft\WindowsApps;;C:\Users\user\AppData\Local\Programs\Microsoft VS Code\bin;C:\Users\user\AppData\Roaming\npm;C:\Program Files\JetBrains\IntelliJ IDEA 2022.3.2\bin;
USERNAME=user
OS=Windows_NT
PROCESSOR_IDENTIFIER=Intel64 Family 6 Model 140 Stepping 1, GenuineIntel
TMP=C:\Users\user\AppData\Local\Temp
TEMP=C:\Users\user\AppData\Local\Temp



---------------  S Y S T E M  ---------------

OS:
 Windows 10 , 64 bit Build 19041 (10.0.19041.3636)
OS uptime: 5 days 8:54 hours
Hyper-V role detected

CPU: total 8 (initial active 8) (4 cores per cpu, 2 threads per core) family 6 model 140 stepping 1 microcode 0x66, cx8, cmov, fxsr, ht, mmx, 3dnowpref, sse, sse2, sse3, ssse3, sse4.1, sse4.2, popcnt, lzcnt, tsc, tscinvbit, avx, avx2, aes, erms, clmul, bmi1, bmi2, adx, avx512f, avx512dq, avx512cd, avx512bw, avx512vl, sha, fma, vzeroupper, avx512_vpopcntdq, avx512_vpclmulqdq, avx512_vaes, avx512_vnni, clflush, clflushopt, clwb, avx512_vbmi2, avx512_vbmi, hv, rdtscp, rdpid, fsrm, gfni, avx512_bitalg

Memory: 4k page, system-wide physical 7987M (908M free)
TotalPageFile size 26796M (AvailPageFile size 5808M)
current process WorkingSet (physical memory assigned to process): 29M, peak: 29M
current process commit charge ("private bytes"): 210M, peak: 210M

vm_info: Java HotSpot(TM) 64-Bit Server VM (19.0.1+10-21) for windows-amd64 JRE (19.0.1+10-21), built on 2022-09-14T12:45:06Z by "mach5one" with MS VC++ 17.1 (VS2022)

END.
